This file contains any messages produced by compilers while
running configure, to aid debugging if configure makes a mistake.

It was created by configure, which was
generated by GNU Autoconf 2.63.  Invocation command line was

  $ ./configure 

## --------- ##
## Platform. ##
## --------- ##

hostname = mdm-Lenovo-G510
uname -m = x86_64
uname -r = 4.4.0-59-generic
uname -s = Linux
uname -v = #80-Ubuntu SMP Fri Jan 6 17:47:47 UTC 2017

/usr/bin/uname -p = unknown
/bin/uname -X     = unknown

/bin/arch              = unknown
/usr/bin/arch -k       = unknown
/usr/convex/getsysinfo = unknown
/usr/bin/hostinfo      = unknown
/bin/machine           = unknown
/usr/bin/oslevel       = unknown
/bin/universe          = unknown

PATH: /home/mdm/bin
PATH: /home/mdm/.local/bin
PATH: /usr/local/sbin
PATH: /usr/local/bin
PATH: /usr/sbin
PATH: /usr/bin
PATH: /sbin
PATH: /bin
PATH: /usr/games
PATH: /usr/local/games
PATH: /snap/bin


## ----------- ##
## Core tests. ##
## ----------- ##

configure:1898: checking for gcc
configure:1914: found /usr/bin/gcc
configure:1925: result: gcc
configure:2157: checking for C compiler version
configure:2165: gcc --version >&5
gcc (Ubuntu 5.4.0-6ubuntu1~16.04.4) 5.4.0 20160609
Copyright (C) 2015 Free Software Foundation, Inc.
This is free software; see the source for copying conditions.  There is NO
warranty; not even for MERCHANTABILITY or FITNESS FOR A PARTICULAR PURPOSE.

configure:2169: $? = 0
configure:2176: gcc -v >&5
Using built-in specs.
COLLECT_GCC=gcc
COLLECT_LTO_WRAPPER=/usr/lib/gcc/x86_64-linux-gnu/5/lto-wrapper
Target: x86_64-linux-gnu
Configured with: ../src/configure -v --with-pkgversion='Ubuntu 5.4.0-6ubuntu1~16.04.4' --with-bugurl=file:///usr/share/doc/gcc-5/README.Bugs --enable-languages=c,ada,c++,java,go,d,fortran,objc,obj-c++ --prefix=/usr --program-suffix=-5 --enable-shared --enable-linker-build-id --libexecdir=/usr/lib --without-included-gettext --enable-threads=posix --libdir=/usr/lib --enable-nls --with-sysroot=/ --enable-clocale=gnu --enable-libstdcxx-debug --enable-libstdcxx-time=yes --with-default-libstdcxx-abi=new --enable-gnu-unique-object --disable-vtable-verify --enable-libmpx --enable-plugin --with-system-zlib --disable-browser-plugin --enable-java-awt=gtk --enable-gtk-cairo --with-java-home=/usr/lib/jvm/java-1.5.0-gcj-5-amd64/jre --enable-java-home --with-jvm-root-dir=/usr/lib/jvm/java-1.5.0-gcj-5-amd64 --with-jvm-jar-dir=/usr/lib/jvm-exports/java-1.5.0-gcj-5-amd64 --with-arch-directory=amd64 --with-ecj-jar=/usr/share/java/eclipse-ecj.jar --enable-objc-gc --enable-multiarch --disable-werror --with-arch-32=i686 --with-abi=m64 --with-multilib-list=m32,m64,mx32 --enable-multilib --with-tune=generic --enable-checking=release --build=x86_64-linux-gnu --host=x86_64-linux-gnu --target=x86_64-linux-gnu
Thread model: posix
gcc version 5.4.0 20160609 (Ubuntu 5.4.0-6ubuntu1~16.04.4) 
configure:2180: $? = 0
configure:2187: gcc -V >&5
gcc: error: unrecognized command line option '-V'
gcc: fatal error: no input files
compilation terminated.
configure:2191: $? = 1
configure:2214: checking for C compiler default output file name
configure:2236: gcc -O2   conftest.c  >&5
configure:2240: $? = 0
configure:2278: result: a.out
configure:2297: checking whether the C compiler works
configure:2307: ./a.out
configure:2311: $? = 0
configure:2330: result: yes
configure:2337: checking whether we are cross compiling
configure:2339: result: no
configure:2342: checking for suffix of executables
configure:2349: gcc -o conftest -O2   conftest.c  >&5
configure:2353: $? = 0
configure:2379: result: 
configure:2385: checking for suffix of object files
configure:2411: gcc -c -O2  conftest.c >&5
configure:2415: $? = 0
configure:2440: result: o
configure:2444: checking whether we are using the GNU C compiler
configure:2473: gcc -c -O2  conftest.c >&5
configure:2480: $? = 0
configure:2497: result: yes
configure:2506: checking whether gcc accepts -g
configure:2536: gcc -c -g  conftest.c >&5
configure:2543: $? = 0
configure:2644: result: yes
configure:2661: checking for gcc option to accept ISO C89
configure:2735: gcc  -c -O2  conftest.c >&5
configure:2742: $? = 0
configure:2765: result: none needed
configure:2826: checking for ranlib
configure:2842: found /usr/bin/ranlib
configure:2853: result: ranlib
configure:2920: checking for a BSD-compatible install
configure:2988: result: /usr/bin/install -c
configure:3003: checking for bison
configure:3033: result: no
configure:3003: checking for byacc
configure:3033: result: no
configure:3047: checking for flex
configure:3077: result: no
configure:3047: checking for lex
configure:3077: result: no
configure:3256: checking whether make sets $(MAKE)
configure:3278: result: yes
configure:3290: checking for an ANSI C-conforming const
configure:3365: gcc -c -O2  conftest.c >&5
configure:3372: $? = 0
configure:3387: result: yes
configure:3397: checking for inline
configure:3423: gcc -c -O2  conftest.c >&5
configure:3430: $? = 0
configure:3448: result: inline
configure:3467: checking return type of signal handlers
configure:3495: gcc -c -O2  conftest.c >&5
conftest.c: In function 'main':
conftest.c:18:9: error: void value not ignored as it ought to be
 return *(signal (0, 0)) (0) == 1;
         ^
configure:3502: $? = 1
configure: failed program was:
| /* confdefs.h.  */
| #define PACKAGE_NAME ""
| #define PACKAGE_TARNAME ""
| #define PACKAGE_VERSION ""
| #define PACKAGE_STRING ""
| #define PACKAGE_BUGREPORT ""
| #define GEOLIB_VERSION_MAJOR 5
| #define GEOLIB_VERSION_MINOR 1
| #define GEOLIB_VERSION_PATCH 0
| #define GEOLIB_VERSION_STRING "5.1.0"
| /* end confdefs.h.  */
| #include <sys/types.h>
| #include <signal.h>
| 
| int
| main ()
| {
| return *(signal (0, 0)) (0) == 1;
|   ;
|   return 0;
| }
configure:3517: result: void
configure:3531: checking how to run the C preprocessor
configure:3571: gcc -E  conftest.c
configure:3578: $? = 0
configure:3609: gcc -E  conftest.c
conftest.c:13:28: fatal error: ac_nonexistent.h: No such file or directory
compilation terminated.
configure:3616: $? = 1
configure: failed program was:
| /* confdefs.h.  */
| #define PACKAGE_NAME ""
| #define PACKAGE_TARNAME ""
| #define PACKAGE_VERSION ""
| #define PACKAGE_STRING ""
| #define PACKAGE_BUGREPORT ""
| #define GEOLIB_VERSION_MAJOR 5
| #define GEOLIB_VERSION_MINOR 1
| #define GEOLIB_VERSION_PATCH 0
| #define GEOLIB_VERSION_STRING "5.1.0"
| #define RETSIGTYPE void
| /* end confdefs.h.  */
| #include <ac_nonexistent.h>
configure:3649: result: gcc -E
configure:3678: gcc -E  conftest.c
configure:3685: $? = 0
configure:3716: gcc -E  conftest.c
conftest.c:13:28: fatal error: ac_nonexistent.h: No such file or directory
compilation terminated.
configure:3723: $? = 1
configure: failed program was:
| /* confdefs.h.  */
| #define PACKAGE_NAME ""
| #define PACKAGE_TARNAME ""
| #define PACKAGE_VERSION ""
| #define PACKAGE_STRING ""
| #define PACKAGE_BUGREPORT ""
| #define GEOLIB_VERSION_MAJOR 5
| #define GEOLIB_VERSION_MINOR 1
| #define GEOLIB_VERSION_PATCH 0
| #define GEOLIB_VERSION_STRING "5.1.0"
| #define RETSIGTYPE void
| /* end confdefs.h.  */
| #include <ac_nonexistent.h>
configure:3763: checking for grep that handles long lines and -e
configure:3823: result: /bin/grep
configure:3828: checking for egrep
configure:3892: result: /bin/grep -E
configure:3897: checking for ANSI C header files
configure:3927: gcc -c -O2  conftest.c >&5
configure:3934: $? = 0
configure:4033: gcc -o conftest -O2   conftest.c  >&5
configure:4037: $? = 0
configure:4043: ./conftest
configure:4047: $? = 0
configure:4065: result: yes
configure:4089: checking for sys/types.h
configure:4110: gcc -c -O2  conftest.c >&5
configure:4117: $? = 0
configure:4134: result: yes
configure:4089: checking for sys/stat.h
configure:4110: gcc -c -O2  conftest.c >&5
configure:4117: $? = 0
configure:4134: result: yes
configure:4089: checking for stdlib.h
configure:4110: gcc -c -O2  conftest.c >&5
configure:4117: $? = 0
configure:4134: result: yes
configure:4089: checking for string.h
configure:4110: gcc -c -O2  conftest.c >&5
configure:4117: $? = 0
configure:4134: result: yes
configure:4089: checking for memory.h
configure:4110: gcc -c -O2  conftest.c >&5
configure:4117: $? = 0
configure:4134: result: yes
configure:4089: checking for strings.h
configure:4110: gcc -c -O2  conftest.c >&5
configure:4117: $? = 0
configure:4134: result: yes
configure:4089: checking for inttypes.h
configure:4110: gcc -c -O2  conftest.c >&5
configure:4117: $? = 0
configure:4134: result: yes
configure:4089: checking for stdint.h
configure:4110: gcc -c -O2  conftest.c >&5
configure:4117: $? = 0
configure:4134: result: yes
configure:4089: checking for unistd.h
configure:4110: gcc -c -O2  conftest.c >&5
configure:4117: $? = 0
configure:4134: result: yes
configure:4164: checking sys/utsname.h usability
configure:4181: gcc -c -O2  conftest.c >&5
configure:4188: $? = 0
configure:4202: result: yes
configure:4206: checking sys/utsname.h presence
configure:4221: gcc -E  conftest.c
configure:4228: $? = 0
configure:4242: result: yes
configure:4270: checking for sys/utsname.h
configure:4279: result: yes
configure:4294: checking for ANSI C header files
configure:4462: result: yes
configure:4473: checking for times() and CLK_TCK
configure:4511: gcc -c -O2  conftest.c >&5
configure:4518: $? = 0
configure:4533: result: yes
configure:4543: checking for working uname function
configure:4580: gcc -c -O2  conftest.c >&5
conftest.c: In function 'main':
conftest.c:40:2: warning: implicit declaration of function 'printf' [-Wimplicit-function-declaration]
  printf ("%d\n", total);
  ^
conftest.c:40:2: warning: incompatible implicit declaration of built-in function 'printf'
conftest.c:40:2: note: include '<stdio.h>' or provide a declaration of 'printf'
configure:4587: $? = 0
configure:4602: result: yes
configure:4620: checking for fsync
configure:4676: gcc -o conftest -O2   conftest.c  >&5
configure:4683: $? = 0
configure:4705: result: yes
configure:4620: checking for link
configure:4676: gcc -o conftest -O2   conftest.c  >&5
configure:4683: $? = 0
configure:4705: result: yes
configure:4620: checking for rename
configure:4676: gcc -o conftest -O2   conftest.c  >&5
configure:4683: $? = 0
configure:4705: result: yes
configure:4620: checking for sync
configure:4676: gcc -o conftest -O2   conftest.c  >&5
configure:4683: $? = 0
configure:4705: result: yes
configure:4620: checking for unlink
configure:4676: gcc -o conftest -O2   conftest.c  >&5
configure:4683: $? = 0
configure:4705: result: yes
configure:4723: checking for popen
configure:4779: gcc -o conftest -O2   conftest.c  >&5
configure:4786: $? = 0
configure:4808: result: yes
configure:4723: checking for pclose
configure:4779: gcc -o conftest -O2   conftest.c  >&5
configure:4786: $? = 0
configure:4808: result: yes
configure:4823: checking for uname
configure:4841: found /bin/uname
configure:4853: result: /bin/uname
configure:4874: checking for glibtool
configure:4907: result: no
configure:4874: checking for /usr/local/bin/glibtool
configure:4907: result: no
configure:4874: checking for libtool
configure:4892: found /usr/bin/libtool
configure:4904: result: /usr/bin/libtool
configure:4924: checking if stderr is an lvalue
configure:4962: gcc -o conftest -O2   conftest.c  >&5
configure:4969: $? = 0
configure:4989: result: yes
configure:5000: checking for sigaction function
configure:5039: gcc -o conftest -O2   conftest.c  >&5
configure:5046: $? = 0
configure:5066: result: yes
configure:5125: checking for cplex
configure:5158: result: no
configure:5173: checking for cplex.h
configure:5190: result: 
configure:5194: checking for libcplex.a
configure:5211: result: 
configure:5218: checking for cpxdefs.inc
configure:5235: result: 
configure:5239: checking for cplex.a
configure:5256: result: 
configure:5924: checking to see if GMP installed and works
configure:6033: gcc -o conftest -O2   conftest.c  -lgmp >&5
configure:6037: $? = 0
configure:6043: ./conftest
configure:6047: $? = 0
configure:6071: result: yes
configure:6317: creating ./config.status

## ---------------------- ##
## Running config.status. ##
## ---------------------- ##

This file was extended by config.status, which was
generated by GNU Autoconf 2.63.  Invocation command line was

  CONFIG_FILES    = 
  CONFIG_HEADERS  = 
  CONFIG_LINKS    = 
  CONFIG_COMMANDS = 
  $ ./config.status 

on mdm-Lenovo-G510

config.status:785: creating Makefile
config.status:932: WARNING:  'Makefile.in' seems to ignore the --datarootdir setting
config.status:785: creating lp_solve_2.3/Makefile
config.status:785: creating config.h
config.status:1019: executing default commands

## ---------------- ##
## Cache variables. ##
## ---------------- ##

ac_cv_c_compiler_gnu=yes
ac_cv_c_const=yes
ac_cv_c_inline=inline
ac_cv_cplex_header=
ac_cv_cplex_lib=
ac_cv_env_CC_set=
ac_cv_env_CC_value=
ac_cv_env_CFLAGS_set=
ac_cv_env_CFLAGS_value=
ac_cv_env_CPPFLAGS_set=
ac_cv_env_CPPFLAGS_value=
ac_cv_env_CPP_set=
ac_cv_env_CPP_value=
ac_cv_env_LDFLAGS_set=
ac_cv_env_LDFLAGS_value=
ac_cv_env_LIBS_set=
ac_cv_env_LIBS_value=
ac_cv_env_YACC_set=
ac_cv_env_YACC_value=
ac_cv_env_YFLAGS_set=
ac_cv_env_YFLAGS_value=
ac_cv_env_build_alias_set=
ac_cv_env_build_alias_value=
ac_cv_env_host_alias_set=
ac_cv_env_host_alias_value=
ac_cv_env_target_alias_set=
ac_cv_env_target_alias_value=
ac_cv_func_fsync=yes
ac_cv_func_link=yes
ac_cv_func_pclose=yes
ac_cv_func_popen=yes
ac_cv_func_rename=yes
ac_cv_func_sigaction=yes
ac_cv_func_sync=yes
ac_cv_func_uname_works=yes
ac_cv_func_unlink=yes
ac_cv_gmp_installed_and_works=yes
ac_cv_header_inttypes_h=yes
ac_cv_header_memory_h=yes
ac_cv_header_stdc=yes
ac_cv_header_stdint_h=yes
ac_cv_header_stdlib_h=yes
ac_cv_header_string_h=yes
ac_cv_header_strings_h=yes
ac_cv_header_sys_stat_h=yes
ac_cv_header_sys_types_h=yes
ac_cv_header_sys_utsname_h=yes
ac_cv_header_unistd_h=yes
ac_cv_header_unix_cpu_time=yes
ac_cv_objext=o
ac_cv_path_EGREP='/bin/grep -E'
ac_cv_path_GREP=/bin/grep
ac_cv_path_LIBTOOL=/usr/bin/libtool
ac_cv_path_ac_cv_prog_uname_full_pathname=/bin/uname
ac_cv_path_cplex=
ac_cv_path_install='/usr/bin/install -c'
ac_cv_prog_CPP='gcc -E'
ac_cv_prog_ac_ct_CC=gcc
ac_cv_prog_ac_ct_RANLIB=ranlib
ac_cv_prog_cc_c89=
ac_cv_prog_cc_g=yes
ac_cv_prog_make_make_set=yes
ac_cv_prog_uname_full_pathname=/bin/uname
ac_cv_stderr_is_lvalue=yes
ac_cv_type_signal=void

## ----------------- ##
## Output variables. ##
## ----------------- ##

CC='gcc'
CFLAGS='-O2'
CLIENT_LP_LIBS=''
CPLEX_HEADER_DIR=''
CPLEX_LIB_DIR=''
CPP='gcc -E'
CPPFLAGS=''
CTYPE_C=''
DEFS='-DHAVE_CONFIG_H'
ECHO_C=''
ECHO_N='-n'
ECHO_T=''
EGREP='/bin/grep -E'
EXEEXT=''
GEOLIB_VERSION_MAJOR='5'
GEOLIB_VERSION_MINOR='1'
GEOLIB_VERSION_PATCH='0'
GEOLIB_VERSION_STRING='5.1.0'
GMP_CFLAGS=''
GMP_INCLUDE_DIR=''
GMP_LIBS='-lgmp'
GREP='/bin/grep'
INSTALL_DATA='${INSTALL} -m 644'
INSTALL_PROGRAM='${INSTALL}'
INSTALL_SCRIPT='${INSTALL}'
LDFLAGS=''
LEX=':'
LEXLIB=''
LEX_OUTPUT_ROOT=''
LIBOBJS=''
LIBS=''
LIBTOOL='/usr/bin/libtool'
LP_CFLAGS='-I$(LP_SOLVE_DIR)'
LP_DEPS='$(LP_SOLVE_DIR)/lpkit.h'
LP_LIBS='$(LP_SOLVE_DIR)/libLPS.a'
LP_PKG='lp_solve'
LTLIBOBJS=''
OBJEXT='o'
PACKAGE_BUGREPORT=''
PACKAGE_NAME=''
PACKAGE_STRING=''
PACKAGE_TARNAME=''
PACKAGE_VERSION=''
PATH_SEPARATOR=':'
RANLIB='ranlib'
SET_MAKE=''
SHELL='/bin/bash'
TRIANGLE_C=''
YACC='yacc'
YFLAGS=''
ac_ct_CC='gcc'
ac_cv_path_cplex=''
ac_cv_prog_uname_full_pathname='/bin/uname'
bindir='${exec_prefix}/bin'
build_alias=''
datadir='${datarootdir}'
datarootdir='${prefix}/share'
docdir='${datarootdir}/doc/${PACKAGE}'
dvidir='${docdir}'
exec_prefix='${prefix}'
host_alias=''
htmldir='${docdir}'
includedir='${prefix}/include'
infodir='${datarootdir}/info'
libdir='${exec_prefix}/lib'
libexecdir='${exec_prefix}/libexec'
localedir='${datarootdir}/locale'
localstatedir='${prefix}/var'
mandir='${datarootdir}/man'
oldincludedir='/usr/include'
pdfdir='${docdir}'
prefix='/usr/local'
program_transform_name='s,x,x,'
psdir='${docdir}'
sbindir='${exec_prefix}/sbin'
sharedstatedir='${prefix}/com'
sysconfdir='${prefix}/etc'
target_alias=''

## ----------- ##
## confdefs.h. ##
## ----------- ##

#define PACKAGE_NAME ""
#define PACKAGE_TARNAME ""
#define PACKAGE_VERSION ""
#define PACKAGE_STRING ""
#define PACKAGE_BUGREPORT ""
#define GEOLIB_VERSION_MAJOR 5
#define GEOLIB_VERSION_MINOR 1
#define GEOLIB_VERSION_PATCH 0
#define GEOLIB_VERSION_STRING "5.1.0"
#define RETSIGTYPE void
#define STDC_HEADERS 1
#define HAVE_SYS_TYPES_H 1
#define HAVE_SYS_STAT_H 1
#define HAVE_STDLIB_H 1
#define HAVE_STRING_H 1
#define HAVE_MEMORY_H 1
#define HAVE_STRINGS_H 1
#define HAVE_INTTYPES_H 1
#define HAVE_STDINT_H 1
#define HAVE_UNISTD_H 1
#define HAVE_SYS_UTSNAME_H 1
#define STDC_HEADERS 1
#define UNIX_CPU_TIME 1
#define UNAME_FUNCTION_WORKS 1
#define HAVE_FSYNC 1
#define HAVE_LINK 1
#define HAVE_RENAME 1
#define HAVE_SYNC 1
#define HAVE_UNLINK 1
#define HAVE_POPEN 1
#define HAVE_PCLOSE 1
#define UNAME_PATH "/bin/uname"
#define HAVE_STDERR_IS_LVALUE 1
#define HAVE_SIGACTION 1
#define LPSOLVE 1
#define HAVE_GMP 1
#define INSTALLDIR_PREFIX "/usr/local"
#define INSTALLDIR_EXEC_PREFIX "/usr/local"
#define INSTALLDIR_BINDIR "/usr/local/bin"
#define INSTALLDIR_DATADIR "/usr/local/share"
#define INSTALLDIR_LIBDIR "/usr/local/lib"
#define INSTALLDIR_LIBEXECDIR "/usr/local/libexec"

configure: exit 0
